<?xml version="1.0" encoding="UTF-8"?>
<testsuite name="Registration Test"
           tests="2"
           failures="0"
           errors="0"
           skipped="0"
           time="7.861">
  <properties />
  
  
            <testcase name="varifyUserShouldRegisterSuccessfully" time="6.682" classname="com.demo.nopcommerce.testsuite.RegisterTest" />
                <testcase name="varifyUserShouldNavigateToRegisterPage" time="1.179" classname="com.demo.nopcommerce.testsuite.RegisterTest" />
      
</testsuite>
